# JRE version: OpenJDK Runtime Environment Temurin-17.0.3+7 (17.0.3+7) (build 17.0.3+7)
# Java VM: OpenJDK 64-Bit Server VM Temurin-17.0.3+7 (17.0.3+7, mixed mode, tiered, compressed oops, compressed class ptrs, g1 gc, windows-amd64)
GC Precious Log:
 CPUs: 8 total, 8 available
 Memory: 16103M
 Large Page Support: Disabled
 NUMA Support: Disabled
 Compressed Oops: Enabled (Zero based)
 Heap Region Size: 2M
 Heap Min Capacity: 126M
 Heap Initial Capacity: 126M
 Heap Max Capacity: 4G
 Pre-touch: Disabled
 Parallel Workers: 8
 Concurrent Workers: 2
 Concurrent Refinement Workers: 8
 Periodic GC: Disabled
Heap:
 garbage-first heap   total 477184K, used 403429K [0x0000000700000000, 0x0000000800000000)
  region size 2048K, 5 young (10240K), 1 survivors (2048K)
 Metaspace       used 149039K, committed 151616K, reserved 1187840K
  class space    used 15877K, committed 16896K, reserved 1048576K
GC Heap History (20 events):
Event: 182.366 GC heap before
{Heap before GC invocations=134 (full 0):
 garbage-first heap   total 477184K, used 416065K [0x0000000700000000, 0x0000000800000000)
  region size 2048K, 19 young (38912K), 2 survivors (4096K)
 Metaspace       used 148852K, committed 151424K, reserved 1187840K
  class space    used 15876K, committed 16896K, reserved 1048576K
}
Event: 182.368 GC heap after
{Heap after GC invocations=135 (full 0):
 garbage-first heap   total 477184K, used 385103K [0x0000000700000000, 0x0000000800000000)
  region size 2048K, 2 young (4096K), 2 survivors (4096K)
 Metaspace       used 148852K, committed 151424K, reserved 1187840K
  class space    used 15876K, committed 16896K, reserved 1048576K
}
Event: 185.977 GC heap before
{Heap before GC invocations=135 (full 0):
 garbage-first heap   total 477184K, used 417871K [0x0000000700000000, 0x0000000800000000)
  region size 2048K, 19 young (38912K), 2 survivors (4096K)
 Metaspace       used 148856K, committed 151424K, reserved 1187840K
  class space    used 15876K, committed 16896K, reserved 1048576K
}
Event: 185.979 GC heap after
{Heap after GC invocations=136 (full 0):
 garbage-first heap   total 477184K, used 386632K [0x0000000700000000, 0x0000000800000000)
  region size 2048K, 2 young (4096K), 2 survivors (4096K)
 Metaspace       used 148856K, committed 151424K, reserved 1187840K
  class space    used 15876K, committed 16896K, reserved 1048576K
}
Event: 189.083 GC heap before
{Heap before GC invocations=136 (full 0):
 garbage-first heap   total 477184K, used 419400K [0x0000000700000000, 0x0000000800000000)
  region size 2048K, 19 young (38912K), 2 survivors (4096K)
 Metaspace       used 148856K, committed 151424K, reserved 1187840K
  class space    used 15876K, committed 16896K, reserved 1048576K
}
Event: 189.086 GC heap after
{Heap after GC invocations=137 (full 0):
 garbage-first heap   total 477184K, used 388325K [0x0000000700000000, 0x0000000800000000)
  region size 2048K, 2 young (4096K), 2 survivors (4096K)
 Metaspace       used 148856K, committed 151424K, reserved 1187840K
  class space    used 15876K, committed 16896K, reserved 1048576K
}
Event: 191.932 GC heap before
{Heap before GC invocations=137 (full 0):
 garbage-first heap   total 477184K, used 419045K [0x0000000700000000, 0x0000000800000000)
  region size 2048K, 18 young (36864K), 2 survivors (4096K)
 Metaspace       used 148856K, committed 151424K, reserved 1187840K
  class space    used 15876K, committed 16896K, reserved 1048576K
}
Event: 191.934 GC heap after
{Heap after GC invocations=138 (full 0):
 garbage-first heap   total 477184K, used 389783K [0x0000000700000000, 0x0000000800000000)
  region size 2048K, 2 young (4096K), 2 survivors (4096K)
 Metaspace       used 148856K, committed 151424K, reserved 1187840K
  class space    used 15876K, committed 16896K, reserved 1048576K
}
Event: 194.739 GC heap before
{Heap before GC invocations=138 (full 0):
 garbage-first heap   total 477184K, used 418455K [0x0000000700000000, 0x0000000800000000)
  region size 2048K, 17 young (34816K), 2 survivors (4096K)
 Metaspace       used 148857K, committed 151424K, reserved 1187840K
  class space    used 15876K, committed 16896K, reserved 1048576K
}
Event: 194.741 GC heap after
{Heap after GC invocations=139 (full 0):
 garbage-first heap   total 477184K, used 391208K [0x0000000700000000, 0x0000000800000000)
  region size 2048K, 2 young (4096K), 2 survivors (4096K)
 Metaspace       used 148857K, committed 151424K, reserved 1187840K
  class space    used 15876K, committed 16896K, reserved 1048576K
}
Event: 196.118 GC heap before
{Heap before GC invocations=139 (full 0):
 garbage-first heap   total 477184K, used 417832K [0x0000000700000000, 0x0000000800000000)
  region size 2048K, 16 young (32768K), 2 survivors (4096K)
 Metaspace       used 148876K, committed 151424K, reserved 1187840K
  class space    used 15876K, committed 16896K, reserved 1048576K
}
Event: 196.121 GC heap after
{Heap after GC invocations=140 (full 0):
 garbage-first heap   total 477184K, used 394973K [0x0000000700000000, 0x0000000800000000)
  region size 2048K, 2 young (4096K), 2 survivors (4096K)
 Metaspace       used 148876K, committed 151424K, reserved 1187840K
  class space    used 15876K, committed 16896K, reserved 1048576K
}
Event: 196.939 GC heap before
{Heap before GC invocations=140 (full 0):
 garbage-first heap   total 477184K, used 419549K [0x0000000700000000, 0x0000000800000000)
  region size 2048K, 14 young (28672K), 2 survivors (4096K)
 Metaspace       used 148876K, committed 151424K, reserved 1187840K
  class space    used 15876K, committed 16896K, reserved 1048576K
}
Event: 196.941 GC heap after
{Heap after GC invocations=141 (full 0):
 garbage-first heap   total 477184K, used 395300K [0x0000000700000000, 0x0000000800000000)
  region size 2048K, 1 young (2048K), 1 survivors (2048K)
 Metaspace       used 148876K, committed 151424K, reserved 1187840K
  class space    used 15876K, committed 16896K, reserved 1048576K
}
Event: 198.856 GC heap before
{Heap before GC invocations=141 (full 0):
 garbage-first heap   total 477184K, used 419876K [0x0000000700000000, 0x0000000800000000)
  region size 2048K, 13 young (26624K), 1 survivors (2048K)
 Metaspace       used 148877K, committed 151424K, reserved 1187840K
  class space    used 15876K, committed 16896K, reserved 1048576K
}
Event: 198.857 GC heap after
{Heap after GC invocations=142 (full 0):
 garbage-first heap   total 477184K, used 396630K [0x0000000700000000, 0x0000000800000000)
  region size 2048K, 1 young (2048K), 1 survivors (2048K)
 Metaspace       used 148877K, committed 151424K, reserved 1187840K
  class space    used 15876K, committed 16896K, reserved 1048576K
}
Event: 200.959 GC heap before
{Heap before GC invocations=142 (full 0):
 garbage-first heap   total 477184K, used 421206K [0x0000000700000000, 0x0000000800000000)
  region size 2048K, 13 young (26624K), 1 survivors (2048K)
 Metaspace       used 148877K, committed 151424K, reserved 1187840K
  class space    used 15876K, committed 16896K, reserved 1048576K
}
Event: 200.961 GC heap after
{Heap after GC invocations=143 (full 0):
 garbage-first heap   total 477184K, used 396969K [0x0000000700000000, 0x0000000800000000)
  region size 2048K, 2 young (4096K), 2 survivors (4096K)
 Metaspace       used 148877K, committed 151424K, reserved 1187840K
  class space    used 15876K, committed 16896K, reserved 1048576K
}
Event: 360.531 GC heap before
{Heap before GC invocations=143 (full 0):
 garbage-first heap   total 477184K, used 419497K [0x0000000700000000, 0x0000000800000000)
  region size 2048K, 13 young (26624K), 2 survivors (4096K)
 Metaspace       used 148998K, committed 151616K, reserved 1187840K
  class space    used 15876K, committed 16896K, reserved 1048576K
}
Event: 360.532 GC heap after
{Heap after GC invocations=144 (full 0):
 garbage-first heap   total 477184K, used 397285K [0x0000000700000000, 0x0000000800000000)
  region size 2048K, 1 young (2048K), 1 survivors (2048K)
 Metaspace       used 148998K, committed 151616K, reserved 1187840K
  class space    used 15876K, committed 16896K, reserved 1048576K
}

